0.0000000000000000000000000000000000000000
 0.5000000000000000000000000000000000000000
 0.6666666666666666666847367028747584072335
 0.7500000000000000000000000000000000000000
 0.8000000000000000000108420217248550443401
 0.8333333333333333333152632971252415927665
 0.8571428571428571428726314596069357776287
 0.8750000000000000000000000000000000000000
 0.8888888888888888888768421980834943951777
 0.8999999999999999999783159565502899113199
 0.9090909090909090909337318675564887371365
 0.9166666666666666666847367028747584072335
 0.9230769230769230769355869481440635127001
 0.9285714285714285714363157298034678888143
 0.9333333333333333333369473405749516814467
 0.9375000000000000000000000000000000000000
 0.9411764705882352941208358887426044248059
 0.9444444444444444444384210990417471975888
 0.9473684210526315789416620938290236608736
 0.9499999999999999999891579782751449556599
 0.9523809523809523809394737836608868519761
 0.9545454545454545454397608794661067577181
 0.9565217391304347826228374196411152752262
 0.9583333333333333333152632971252415927665
 0.9599999999999999999804843608952609201879
 0.9615384615384615384406884197598941454999
 0.9629629629629629629589473993611647983926
 0.9642857142857142856910528105895963335570
 0.9655172413793103448182396364440904790172
 0.9666666666666666666413686159753382298732
 0.9677419354838709677157047861495442475643
 0.9687500000000000000000000000000000000000
 0.9696969696969696969959806587269213196123
 0.9705882352941176470333128900591646015528
 0.9714285714285714285962103353710972442059
 0.9722222222222222222463156038330112096446
 0.9729729729729729729905546298240892610920
 0.9736842105263157894708310469145118304368
 0.9743589743589743589965990189227795781335
 0.9750000000000000000216840434497100886801
 0.9756097560975609756309112619021561840782
 0.9761904761904761904968419461425810368382
 0.9767441860465116279044553437849174315488
 0.9772727272727272727469854940451909897092
 0.9777777777777777777970524830664089677157
 0.9782608695652173913114187098205576376131
 0.9787234042553191489107952683035307472892
 0.9791666666666666666847367028747584072335
 0.9795918367346938775532330656581336825184
 0.9800000000000000000173472347597680709441
 0.9803921568627450980402786295808681416020
 0.9807692307692307692474492641920846836001
 0.9811320754716981132228896533842288363303
 0.9814814814814814814794736996805823991963
 0.9818181818181818181975883952361527917674
 0.9821428571428571428726314596069357776287
 0.9824561403508771929805540312763412202912
 0.9827586206896551724362248725341828503588
 0.9830508474576271186486618736122267137034
 0.9833333333333333333477893622998067257868
 0.9836065573770491803420878973440721892985
 0.9838709677419354838849574473869097346324
 0.9841269841269841269978946307617206912255
 0.9843750000000000000000000000000000000000
 0.9846153846153846153979594113536677468801
 0.9848484848484848484979903293634606598062
 0.9850746268656716418047995798001892353568
 0.9852941176470588235166564450295823007764
 0.9855072463768115941895424370056133511753
 0.9857142857142857142981051676855486221029
 0.9859154929577464788808746631865176368592
 0.9861111111111111111231578019165056048223
 0.9863013698630136986316221947568294581288
 0.9864864864864864864952773149120446305460
 0.9866666666666666666782314898398453806294
 0.9868421052631578947625205777693935260686
 0.9870129870129870129982774251686805655481
 0.9871794871794871794982995094613897890667
 0.9873417721518987341580014804875986555999
 0.9875000000000000000108420217248550443401
 0.9876543209876543209682457635789631922307
 0.9878048780487804878154556309510780920391
 0.9879518072289156626741152278370350359182
 0.9880952380952380952484209730712905184191
 0.9882352941176470588241671777485208849612
 0.9883720930232558139522276718924587157744
 0.9885057471264367816060798788146968263391
 0.9886363636363636363734927470225954948546
 0.9887640449438202247057008720254600575572
 0.9888888888888888888985262415332044838578
 0.9890109890109890109985424366811912477715
 0.9891304347826086956286043005981412079564
 0.9892473118279569892566382982579398230882
 0.9893617021276595744553976341517653736446
 0.9894736842105263158100164622155148208549
 0.9895833333333333333152632971252415927665
 0.9896907216494845360623550112322277527710
 0.9897959183673469387766165328290668412592
 0.9898989898989898989986602195756404398708
 0.9900000000000000000086736173798840354721
 6.6666666666666666665221063770019327421323
 0
5
-10
10
-5
1
0
0
0
0
0.1666666666666666668
